<?xml version="1.0" encoding="UTF-8"?>
<!-- Generated by org.testng.reporters.JUnitXMLReporter -->
<testsuite hostname="DESKTOP-QHS8TJ6" ignored="0" name="Default test" tests="5" failures="0" timestamp="2020-05-10T16:09:01 IST" time="44.3" errors="0">
  <testcase name="MainFrameworkPage" time="8.645" classname="com.github.ToDoMVCFramework.MVFramework"/>
  <testcase name="FooterLinks" time="4.946" classname="com.github.ToDoMVCFramework.MVFramework"/>
  <testcase name="validatingToDos" time="1.427" classname="com.github.ToDoMVCFramework.MVFramework"/>
  <testcase name="removeCompletedTodos" time="1.188" classname="com.github.ToDoMVCFramework.MVFramework"/>
  <testcase name="selectingToDosInFibonacciSequence" time="23.821" classname="com.github.ToDoMVCFramework.MVFramework"/>
</testsuite> <!-- Default test -->
