<?xml version="1.0" encoding="UTF-8"?>
<!-- Generated by org.testng.reporters.JUnitXMLReporter -->
<testsuite hostname="DESKTOP-QHS8TJ6" ignored="0" name="Test" tests="5" failures="0" timestamp="2020-05-10T16:56:40 IST" time="56.964" errors="0">
  <testcase name="MainFrameworkPage" time="10.231" classname="com.github.ToDoMVCFramework.MVFramework"/>
  <testcase name="FooterLinks" time="7.61" classname="com.github.ToDoMVCFramework.MVFramework"/>
  <testcase name="validatingToDos" time="1.677" classname="com.github.ToDoMVCFramework.MVFramework"/>
  <testcase name="removeCompletedTodos" time="1.134" classname="com.github.ToDoMVCFramework.MVFramework"/>
  <testcase name="selectingToDosInFibonacciSequence" time="31.68" classname="com.github.ToDoMVCFramework.MVFramework"/>
</testsuite> <!-- Test -->
