<?xml version="1.0" encoding="UTF-8"?>
<testng-results skipped="0" failed="0" ignored="0" total="5" passed="5">
  <reporter-output>
  </reporter-output>
  <suite name="Suite" duration-ms="56964" started-at="2020-05-10T16:55:43 IST" finished-at="2020-05-10T16:56:40 IST">
    <groups>
    </groups>
    <test name="Test" duration-ms="56964" started-at="2020-05-10T16:55:43 IST" finished-at="2020-05-10T16:56:40 IST">
      <class name="com.github.ToDoMVCFramework.MVFramework">
        <test-method status="PASS" signature="beforeTest()[pri:0, instance:com.github.ToDoMVCFramework.MVFramework@6c49835d]" name="beforeTest" is-config="true" duration-ms="4400" started-at="2020-05-10T16:55:43 IST" finished-at="2020-05-10T16:55:47 IST">
          <reporter-output>
          </reporter-output>
        </test-method> <!-- beforeTest -->
        <test-method status="PASS" signature="MainFrameworkPage()[pri:1, instance:com.github.ToDoMVCFramework.MVFramework@6c49835d]" name="MainFrameworkPage" duration-ms="10231" started-at="2020-05-10T16:55:47 IST" finished-at="2020-05-10T16:55:57 IST">
          <reporter-output>
          </reporter-output>
        </test-method> <!-- MainFrameworkPage -->
        <test-method status="PASS" signature="FooterLinks()[pri:2, instance:com.github.ToDoMVCFramework.MVFramework@6c49835d]" name="FooterLinks" duration-ms="7610" started-at="2020-05-10T16:55:57 IST" finished-at="2020-05-10T16:56:05 IST">
          <reporter-output>
          </reporter-output>
        </test-method> <!-- FooterLinks -->
        <test-method status="PASS" signature="validatingToDos()[pri:3, instance:com.github.ToDoMVCFramework.MVFramework@6c49835d]" name="validatingToDos" duration-ms="1677" started-at="2020-05-10T16:56:05 IST" finished-at="2020-05-10T16:56:07 IST">
          <reporter-output>
          </reporter-output>
        </test-method> <!-- validatingToDos -->
        <test-method status="PASS" signature="removeCompletedTodos()[pri:4, instance:com.github.ToDoMVCFramework.MVFramework@6c49835d]" name="removeCompletedTodos" duration-ms="1134" started-at="2020-05-10T16:56:07 IST" finished-at="2020-05-10T16:56:08 IST">
          <reporter-output>
          </reporter-output>
        </test-method> <!-- removeCompletedTodos -->
        <test-method status="PASS" signature="selectingToDosInFibonacciSequence()[pri:5, instance:com.github.ToDoMVCFramework.MVFramework@6c49835d]" name="selectingToDosInFibonacciSequence" duration-ms="31680" started-at="2020-05-10T16:56:08 IST" finished-at="2020-05-10T16:56:39 IST">
          <reporter-output>
          </reporter-output>
        </test-method> <!-- selectingToDosInFibonacciSequence -->
        <test-method status="PASS" signature="afterTest()[pri:0, instance:com.github.ToDoMVCFramework.MVFramework@6c49835d]" name="afterTest" is-config="true" duration-ms="179" started-at="2020-05-10T16:56:40 IST" finished-at="2020-05-10T16:56:40 IST">
          <reporter-output>
          </reporter-output>
        </test-method> <!-- afterTest -->
      </class> <!-- com.github.ToDoMVCFramework.MVFramework -->
    </test> <!-- Test -->
  </suite> <!-- Suite -->
</testng-results>
